<?xml version="1.0" encoding="UTF-8"?>
<!-- Generated by org.testng.reporters.JUnitReportReporter -->
<testsuite hostname="yng-mbp.local" failures="0" tests="1" name="FirstTest" time="2.342" errors="0" timestamp="2022-04-27T13:11:12 MESZ" skipped="0">
  <testcase classname="FirstTest" name="SafariTest" time="2.342"/>
  <system-out/>
</testsuite> <!-- FirstTest -->
